1
  *** K1.8 B.S. VI->VO 1.8GeV/c (Design) FF+ Focus with Eff. Len. 091124  ***   




 ****  INPUT DATA  ****


     TYPE NAME    1           2           3           4           5           6           7           8           9          10
 
   0 BEAM       1.0000E+00  3.0000E+00
 
   1 XSET
 
   2 YSET
 
   3 DRFT       2.7200E-01
+        (L1 )
 
   4 MPLM       9.5600E-01  1.5994E+00  0.0000E+00  0.0000E+00  1.0000E-01  0.0000E+00
+        (Q10)
 
   5 DRFT       2.4200E-01
+        (L2 )
 
   6 MPLM       6.6000E-01 -1.2257E+00  0.0000E+00  0.0000E+00  1.0000E-01  0.0000E+00
+        (Q11)
 
   7 DRFT       4.7000E-01
+        (L3 )
 
   8 DEFM       4.0000E+00  6.4000E+01  0.0000E+00  0.0000E+00  0.0000E+00  2.3500E+01  0.0000E+00  0.0000E+00 0.0000E+00 0.0000E+00
+        (D4 )
 
                0.0000E+00  9.5000E-02  7.0000E+00  0.0000E+00  0.0000E+00  0.0000E+00  0.0000E+00
 
   9 DRFT       4.7000E-01
+        (L4 )
 
  10 MPLM       6.6000E-01  1.3119E+00  0.0000E+00  0.0000E+00  1.0000E-01  0.0000E+00
+        (Q12)
 
  11 DRFT       2.4000E-01
+        (L5 )
 
  12 MPLM       6.6000E-01 -1.0961E+00  0.0000E+00  0.0000E+00  1.0000E-01  0.0000E+00
+        (Q13)
 
  13 DRFT       2.7000E-01
+        (L6 )
 

   DREP  V = 0   M =  0   C = 0   O = 0

1 *** K1.8 B.S. VI->VO 1.8GeV/c (Design) FF+ Focus with Eff. Len. 091124  ***   


 SYSTEM  EXIT

 NORMAL TRANSFER MATRIX

                  X           A           T           XX          XA          XT          AA          AT          TT          YY 
     X           -0.46489     0.00075     1.59740    -2.17277     2.51599    -7.83711    -0.72405     5.29313     1.58320    -0.58861
     A            3.11466    -2.15611    -0.13255    -2.68541     3.30665    -9.21711    -0.98628     0.90029     1.98395    -0.78011
                  YB          BB          XXX         XXA         XXT         XAA         XAT         XTT         XYY         XYB
     X           -1.05769    -0.53296   179.30598  -332.18307  -213.28554   204.89252   266.67783   114.00813     5.63379   -11.65020
     A           -1.66361    -0.68908   167.43642  -303.21686  -191.83519   190.91321   241.86736   105.06158    19.09663    17.74373
                  XBB         AAA         AAT         ATT         AYY         AYB         ABB         TTT         TYY         TYB
     X           78.46099   -42.44476   -83.19865   -57.92286    -6.96831     0.41293   -51.58857   -18.89688     2.00788    13.29694
     A           86.67294   -36.53955   -76.23357   -51.14791    21.14653    50.83656   -18.47509   -18.03740     1.29067    14.54249
                  TBB
     X          -30.67878
     A          -30.51346
                  Y           B           YX          YA          YT          BX          BA          BT 
     Y           -0.72896     2.80816    15.77213    -9.03605    14.96222    14.86647    -8.37521    19.03518
     B           -0.19437    -0.62304    -1.99669     1.16408    -1.80227    -1.82445     1.00548    -0.76963
1




 ****  UNEXPECTED END OF DATA  ****
